<?xml version="1.0" encoding="UTF-8"?>
<!-- Generated by org.testng.reporters.JUnitReportReporter -->
<testsuite name="com.auto.qa.testcases.TestPage5" tests="4" time="10.944" ignored="16" failures="0" timestamp="27 Aug 2019 08:48:06 GMT" skipped="0" hostname="CORPLPW100314" errors="0">
  <testcase name="test1" time="2.842" classname="com.auto.qa.testcases.TestPage5"/>
  <testcase name="test2" time="2.729" classname="com.auto.qa.testcases.TestPage5"/>
  <testcase name="test4" time="2.654" classname="com.auto.qa.testcases.TestPage5"/>
  <testcase name="test3" time="2.719" classname="com.auto.qa.testcases.TestPage5"/>
  <testcase name="beforesuite" classname="com.auto.qa.base.TestBase">
    <skipped/>
  </testcase> <!-- beforesuite -->
  <testcase name="beforesuite" classname="com.auto.qa.base.TestBase">
    <skipped/>
  </testcase> <!-- beforesuite -->
  <testcase name="beforesuite" classname="com.auto.qa.base.TestBase">
    <skipped/>
  </testcase> <!-- beforesuite -->
  <testcase name="beforesuite" classname="com.auto.qa.base.TestBase">
    <skipped/>
  </testcase> <!-- beforesuite -->
  <testcase name="beforetest" classname="com.auto.qa.base.TestBase">
    <skipped/>
  </testcase> <!-- beforetest -->
  <testcase name="beforetest" classname="com.auto.qa.base.TestBase">
    <skipped/>
  </testcase> <!-- beforetest -->
  <testcase name="beforetest" classname="com.auto.qa.base.TestBase">
    <skipped/>
  </testcase> <!-- beforetest -->
  <testcase name="beforetest" classname="com.auto.qa.base.TestBase">
    <skipped/>
  </testcase> <!-- beforetest -->
  <testcase name="aftertest" classname="com.auto.qa.base.TestBase">
    <skipped/>
  </testcase> <!-- aftertest -->
  <testcase name="aftertest" classname="com.auto.qa.base.TestBase">
    <skipped/>
  </testcase> <!-- aftertest -->
  <testcase name="aftertest" classname="com.auto.qa.base.TestBase">
    <skipped/>
  </testcase> <!-- aftertest -->
  <testcase name="aftertest" classname="com.auto.qa.base.TestBase">
    <skipped/>
  </testcase> <!-- aftertest -->
  <testcase name="aftersuite" classname="com.auto.qa.base.TestBase">
    <skipped/>
  </testcase> <!-- aftersuite -->
  <testcase name="aftersuite" classname="com.auto.qa.base.TestBase">
    <skipped/>
  </testcase> <!-- aftersuite -->
  <testcase name="aftersuite" classname="com.auto.qa.base.TestBase">
    <skipped/>
  </testcase> <!-- aftersuite -->
  <testcase name="aftersuite" classname="com.auto.qa.base.TestBase">
    <skipped/>
  </testcase> <!-- aftersuite -->
</testsuite> <!-- com.auto.qa.testcases.TestPage5 -->
