<?xml version="1.0" encoding="UTF-8"?>
<!-- Generated by org.testng.reporters.JUnitReportReporter -->
<testsuite name="com.auto.qa.pages.TestPage4" tests="4" time="0.008" ignored="16" failures="0" timestamp="23 Aug 2019 02:14:44 GMT" skipped="0" hostname="CORPLPW100314" errors="0">
  <testcase name="test3" time="0.000" classname="com.auto.qa.pages.TestPage4"/>
  <testcase name="test2" time="0.004" classname="com.auto.qa.pages.TestPage4"/>
  <testcase name="test4" time="0.004" classname="com.auto.qa.pages.TestPage4"/>
  <testcase name="test1" time="0.000" classname="com.auto.qa.pages.TestPage4"/>
  <testcase name="beforesuite" classname="com.auto.qa.base.TestBase">
    <skipped/>
  </testcase> <!-- beforesuite -->
  <testcase name="beforesuite" classname="com.auto.qa.base.TestBase">
    <skipped/>
  </testcase> <!-- beforesuite -->
  <testcase name="beforesuite" classname="com.auto.qa.base.TestBase">
    <skipped/>
  </testcase> <!-- beforesuite -->
  <testcase name="beforesuite" classname="com.auto.qa.base.TestBase">
    <skipped/>
  </testcase> <!-- beforesuite -->
  <testcase name="beforetest" classname="com.auto.qa.base.TestBase">
    <skipped/>
  </testcase> <!-- beforetest -->
  <testcase name="beforetest" classname="com.auto.qa.base.TestBase">
    <skipped/>
  </testcase> <!-- beforetest -->
  <testcase name="beforetest" classname="com.auto.qa.base.TestBase">
    <skipped/>
  </testcase> <!-- beforetest -->
  <testcase name="beforetest" classname="com.auto.qa.base.TestBase">
    <skipped/>
  </testcase> <!-- beforetest -->
  <testcase name="aftertest" classname="com.auto.qa.base.TestBase">
    <skipped/>
  </testcase> <!-- aftertest -->
  <testcase name="aftertest" classname="com.auto.qa.base.TestBase">
    <skipped/>
  </testcase> <!-- aftertest -->
  <testcase name="aftertest" classname="com.auto.qa.base.TestBase">
    <skipped/>
  </testcase> <!-- aftertest -->
  <testcase name="aftertest" classname="com.auto.qa.base.TestBase">
    <skipped/>
  </testcase> <!-- aftertest -->
  <testcase name="aftersuite" classname="com.auto.qa.base.TestBase">
    <skipped/>
  </testcase> <!-- aftersuite -->
  <testcase name="aftersuite" classname="com.auto.qa.base.TestBase">
    <skipped/>
  </testcase> <!-- aftersuite -->
  <testcase name="aftersuite" classname="com.auto.qa.base.TestBase">
    <skipped/>
  </testcase> <!-- aftersuite -->
  <testcase name="aftersuite" classname="com.auto.qa.base.TestBase">
    <skipped/>
  </testcase> <!-- aftersuite -->
</testsuite> <!-- com.auto.qa.pages.TestPage4 -->
