<?xml version="1.0" encoding="UTF-8"?>
<!-- Generated by org.testng.reporters.JUnitReportReporter -->
<testsuite name="com.auto.qa.pages.TestPage2" tests="4" time="0.019" ignored="8" failures="0" timestamp="21 Aug 2019 15:17:59 GMT" skipped="0" hostname="CORPLPW100314" errors="0">
  <testcase name="test2" time="0.002" classname="com.auto.qa.pages.TestPage2"/>
  <testcase name="test1" time="0.007" classname="com.auto.qa.pages.TestPage2"/>
  <testcase name="test3" time="0.007" classname="com.auto.qa.pages.TestPage2"/>
  <testcase name="test4" time="0.003" classname="com.auto.qa.pages.TestPage2"/>
  <testcase name="beforesuite" classname="com.auto.qa.base.TestBase">
    <skipped/>
  </testcase> <!-- beforesuite -->
  <testcase name="beforesuite" classname="com.auto.qa.base.TestBase">
    <skipped/>
  </testcase> <!-- beforesuite -->
  <testcase name="beforetest" classname="com.auto.qa.base.TestBase">
    <skipped/>
  </testcase> <!-- beforetest -->
  <testcase name="beforetest" classname="com.auto.qa.base.TestBase">
    <skipped/>
  </testcase> <!-- beforetest -->
  <testcase name="aftersuite" classname="com.auto.qa.base.TestBase">
    <skipped/>
  </testcase> <!-- aftersuite -->
  <testcase name="aftersuite" classname="com.auto.qa.base.TestBase">
    <skipped/>
  </testcase> <!-- aftersuite -->
  <testcase name="aftertest" classname="com.auto.qa.base.TestBase">
    <skipped/>
  </testcase> <!-- aftertest -->
  <testcase name="aftertest" classname="com.auto.qa.base.TestBase">
    <skipped/>
  </testcase> <!-- aftertest -->
</testsuite> <!-- com.auto.qa.pages.TestPage2 -->
