<?xml version="1.0" encoding="UTF-8"?>
<!-- Generated by org.testng.reporters.JUnitReportReporter -->
<testsuite name="com.auto.qa.pages.TestPage3" tests="2" time="0.006" ignored="6" failures="0" timestamp="23 Aug 2019 03:54:59 GMT" skipped="0" hostname="CORPLPW100314" errors="0">
  <testcase name="test4" time="0.004" classname="com.auto.qa.pages.TestPage3"/>
  <testcase name="test1" time="0.002" classname="com.auto.qa.pages.TestPage3"/>
  <testcase name="test3" classname="com.auto.qa.pages.TestPage2">
    <skipped/>
  </testcase> <!-- test3 -->
  <testcase name="test2" classname="com.auto.qa.pages.TestPage2">
    <skipped/>
  </testcase> <!-- test2 -->
  <testcase name="test2" classname="com.auto.qa.pages.TestPage1">
    <skipped/>
  </testcase> <!-- test2 -->
  <testcase name="test3" classname="com.auto.qa.pages.TestPage1">
    <skipped/>
  </testcase> <!-- test3 -->
  <testcase name="test2" classname="com.auto.qa.pages.TestPage3">
    <skipped/>
  </testcase> <!-- test2 -->
  <testcase name="test3" classname="com.auto.qa.pages.TestPage3">
    <skipped/>
  </testcase> <!-- test3 -->
</testsuite> <!-- com.auto.qa.pages.TestPage3 -->
