<?xml version="1.0" encoding="UTF-8"?>
<!-- Generated by org.testng.reporters.JUnitReportReporter -->
<testsuite name="com.auto.qa.testcases.Testing1" tests="1" time="12.536" ignored="0" failures="0" timestamp="21 Aug 2019 14:20:33 GMT" skipped="0" hostname="CORPLPW100314" errors="0">
  <testcase name="browse" time="12.536" classname="com.auto.qa.testcases.Testing1"/>
</testsuite> <!-- com.auto.qa.testcases.Testing1 -->
