<?xml version="1.0" encoding="UTF-8"?>
<!-- Generated by org.testng.reporters.JUnitReportReporter -->
<testsuite ignored="16" hostname="CORPLPW100314" failures="0" tests="4" name="com.auto.qa.testcases.TestPage3" time="10.878" errors="0" timestamp="27 Aug 2019 08:55:15 GMT" skipped="0">
  <testcase classname="com.auto.qa.testcases.TestPage3" name="test3" time="2.725"/>
  <testcase classname="com.auto.qa.testcases.TestPage3" name="test2" time="2.653"/>
  <testcase classname="com.auto.qa.testcases.TestPage3" name="test4" time="2.738"/>
  <testcase classname="com.auto.qa.testcases.TestPage3" name="test1" time="2.762"/>
  <testcase classname="com.auto.qa.base.TestBase" name="beforesuite">
    <skipped/>
  </testcase> <!-- beforesuite -->
  <testcase classname="com.auto.qa.base.TestBase" name="beforesuite">
    <skipped/>
  </testcase> <!-- beforesuite -->
  <testcase classname="com.auto.qa.base.TestBase" name="beforesuite">
    <skipped/>
  </testcase> <!-- beforesuite -->
  <testcase classname="com.auto.qa.base.TestBase" name="beforesuite">
    <skipped/>
  </testcase> <!-- beforesuite -->
  <testcase classname="com.auto.qa.base.TestBase" name="beforetest">
    <skipped/>
  </testcase> <!-- beforetest -->
  <testcase classname="com.auto.qa.base.TestBase" name="beforetest">
    <skipped/>
  </testcase> <!-- beforetest -->
  <testcase classname="com.auto.qa.base.TestBase" name="beforetest">
    <skipped/>
  </testcase> <!-- beforetest -->
  <testcase classname="com.auto.qa.base.TestBase" name="beforetest">
    <skipped/>
  </testcase> <!-- beforetest -->
  <testcase classname="com.auto.qa.base.TestBase" name="aftertest">
    <skipped/>
  </testcase> <!-- aftertest -->
  <testcase classname="com.auto.qa.base.TestBase" name="aftertest">
    <skipped/>
  </testcase> <!-- aftertest -->
  <testcase classname="com.auto.qa.base.TestBase" name="aftertest">
    <skipped/>
  </testcase> <!-- aftertest -->
  <testcase classname="com.auto.qa.base.TestBase" name="aftertest">
    <skipped/>
  </testcase> <!-- aftertest -->
  <testcase classname="com.auto.qa.base.TestBase" name="aftersuite">
    <skipped/>
  </testcase> <!-- aftersuite -->
  <testcase classname="com.auto.qa.base.TestBase" name="aftersuite">
    <skipped/>
  </testcase> <!-- aftersuite -->
  <testcase classname="com.auto.qa.base.TestBase" name="aftersuite">
    <skipped/>
  </testcase> <!-- aftersuite -->
  <testcase classname="com.auto.qa.base.TestBase" name="aftersuite">
    <skipped/>
  </testcase> <!-- aftersuite -->
</testsuite> <!-- com.auto.qa.testcases.TestPage3 -->
