<?xml version="1.0" encoding="UTF-8"?>
<!-- Generated by org.testng.reporters.JUnitReportReporter -->
<testsuite ignored="16" hostname="CORPLPW100314" failures="0" tests="4" name="com.auto.qa.testcases.TestPage5" time="10.890" errors="0" timestamp="27 Aug 2019 08:55:15 GMT" skipped="0">
  <testcase classname="com.auto.qa.testcases.TestPage5" name="test3" time="2.811"/>
  <testcase classname="com.auto.qa.testcases.TestPage5" name="test1" time="2.738"/>
  <testcase classname="com.auto.qa.testcases.TestPage5" name="test4" time="2.618"/>
  <testcase classname="com.auto.qa.testcases.TestPage5" name="test2" time="2.723"/>
  <testcase classname="com.auto.qa.base.TestBase" name="beforesuite">
    <skipped/>
  </testcase> <!-- beforesuite -->
  <testcase classname="com.auto.qa.base.TestBase" name="beforesuite">
    <skipped/>
  </testcase> <!-- beforesuite -->
  <testcase classname="com.auto.qa.base.TestBase" name="beforesuite">
    <skipped/>
  </testcase> <!-- beforesuite -->
  <testcase classname="com.auto.qa.base.TestBase" name="beforesuite">
    <skipped/>
  </testcase> <!-- beforesuite -->
  <testcase classname="com.auto.qa.base.TestBase" name="beforetest">
    <skipped/>
  </testcase> <!-- beforetest -->
  <testcase classname="com.auto.qa.base.TestBase" name="beforetest">
    <skipped/>
  </testcase> <!-- beforetest -->
  <testcase classname="com.auto.qa.base.TestBase" name="beforetest">
    <skipped/>
  </testcase> <!-- beforetest -->
  <testcase classname="com.auto.qa.base.TestBase" name="beforetest">
    <skipped/>
  </testcase> <!-- beforetest -->
  <testcase classname="com.auto.qa.base.TestBase" name="aftertest">
    <skipped/>
  </testcase> <!-- aftertest -->
  <testcase classname="com.auto.qa.base.TestBase" name="aftertest">
    <skipped/>
  </testcase> <!-- aftertest -->
  <testcase classname="com.auto.qa.base.TestBase" name="aftertest">
    <skipped/>
  </testcase> <!-- aftertest -->
  <testcase classname="com.auto.qa.base.TestBase" name="aftertest">
    <skipped/>
  </testcase> <!-- aftertest -->
  <testcase classname="com.auto.qa.base.TestBase" name="aftersuite">
    <skipped/>
  </testcase> <!-- aftersuite -->
  <testcase classname="com.auto.qa.base.TestBase" name="aftersuite">
    <skipped/>
  </testcase> <!-- aftersuite -->
  <testcase classname="com.auto.qa.base.TestBase" name="aftersuite">
    <skipped/>
  </testcase> <!-- aftersuite -->
  <testcase classname="com.auto.qa.base.TestBase" name="aftersuite">
    <skipped/>
  </testcase> <!-- aftersuite -->
</testsuite> <!-- com.auto.qa.testcases.TestPage5 -->
