<?xml version="1.0" encoding="UTF-8"?>
<!-- Generated by org.testng.reporters.JUnitReportReporter -->
<testsuite ignored="16" hostname="CORPLPW100314" failures="0" tests="1" name="com.auto.qa.testcases.Testing1" time="4.092" errors="0" timestamp="27 Aug 2019 08:55:15 GMT" skipped="0">
  <testcase classname="com.auto.qa.testcases.Testing1" name="browse" time="4.092"/>
  <testcase classname="com.auto.qa.base.TestBase" name="beforesuite">
    <skipped/>
  </testcase> <!-- beforesuite -->
  <testcase classname="com.auto.qa.base.TestBase" name="beforesuite">
    <skipped/>
  </testcase> <!-- beforesuite -->
  <testcase classname="com.auto.qa.base.TestBase" name="beforesuite">
    <skipped/>
  </testcase> <!-- beforesuite -->
  <testcase classname="com.auto.qa.base.TestBase" name="beforesuite">
    <skipped/>
  </testcase> <!-- beforesuite -->
  <testcase classname="com.auto.qa.base.TestBase" name="beforetest">
    <skipped/>
  </testcase> <!-- beforetest -->
  <testcase classname="com.auto.qa.base.TestBase" name="beforetest">
    <skipped/>
  </testcase> <!-- beforetest -->
  <testcase classname="com.auto.qa.base.TestBase" name="beforetest">
    <skipped/>
  </testcase> <!-- beforetest -->
  <testcase classname="com.auto.qa.base.TestBase" name="beforetest">
    <skipped/>
  </testcase> <!-- beforetest -->
  <testcase classname="com.auto.qa.base.TestBase" name="aftertest">
    <skipped/>
  </testcase> <!-- aftertest -->
  <testcase classname="com.auto.qa.base.TestBase" name="aftertest">
    <skipped/>
  </testcase> <!-- aftertest -->
  <testcase classname="com.auto.qa.base.TestBase" name="aftertest">
    <skipped/>
  </testcase> <!-- aftertest -->
  <testcase classname="com.auto.qa.base.TestBase" name="aftertest">
    <skipped/>
  </testcase> <!-- aftertest -->
  <testcase classname="com.auto.qa.base.TestBase" name="aftersuite">
    <skipped/>
  </testcase> <!-- aftersuite -->
  <testcase classname="com.auto.qa.base.TestBase" name="aftersuite">
    <skipped/>
  </testcase> <!-- aftersuite -->
  <testcase classname="com.auto.qa.base.TestBase" name="aftersuite">
    <skipped/>
  </testcase> <!-- aftersuite -->
  <testcase classname="com.auto.qa.base.TestBase" name="aftersuite">
    <skipped/>
  </testcase> <!-- aftersuite -->
</testsuite> <!-- com.auto.qa.testcases.Testing1 -->
